This is pdfTeX, Version 3.14159265-2.6-1.40.20 (TeX Live 2019) (preloaded format=pdflatex 2019.5.8)  17 OCT 2024 12:27
entering extended mode
 restricted \write18 enabled.
 %&-line parsing enabled.
**cv_oct1724.tex
(./cv_oct1724.tex
LaTeX2e <2018-12-01>
(/usr/local/texlive/2019/texmf-dist/tex/latex/base/article.cls
Document Class: article 2018/09/03 v1.4i Standard LaTeX document class
(/usr/local/texlive/2019/texmf-dist/tex/latex/base/size11.clo
File: size11.clo 2018/09/03 v1.4i Standard LaTeX file (size option)
)
\c@part=\count80
\c@section=\count81
\c@subsection=\count82
\c@subsubsection=\count83
\c@paragraph=\count84
\c@subparagraph=\count85
\c@figure=\count86
\c@table=\count87
\abovecaptionskip=\skip41
\belowcaptionskip=\skip42
\bibindent=\dimen102
)
(/usr/local/texlive/2019/texmf-dist/tex/latex/xcolor/xcolor.sty
Package: xcolor 2016/05/11 v2.12 LaTeX color extensions (UK)

(/usr/local/texlive/2019/texmf-dist/tex/latex/graphics-cfg/color.cfg
File: color.cfg 2016/01/02 v1.6 sample color configuration
)
Package xcolor Info: Driver file: pdftex.def on input line 225.

(/usr/local/texlive/2019/texmf-dist/tex/latex/graphics-def/pdftex.def
File: pdftex.def 2018/01/08 v1.0l Graphics/color driver for pdftex
)
Package xcolor Info: Model `cmy' substituted by `cmy0' on input line 1348.
Package xcolor Info: Model `hsb' substituted by `rgb' on input line 1352.
Package xcolor Info: Model `RGB' extended on input line 1364.
Package xcolor Info: Model `HTML' substituted by `rgb' on input line 1366.
Package xcolor Info: Model `Hsb' substituted by `hsb' on input line 1367.
Package xcolor Info: Model `tHsb' substituted by `hsb' on input line 1368.
Package xcolor Info: Model `HSB' substituted by `hsb' on input line 1369.
Package xcolor Info: Model `Gray' substituted by `gray' on input line 1370.
Package xcolor Info: Model `wave' substituted by `hsb' on input line 1371.
)
(/usr/local/texlive/2019/texmf-dist/tex/latex/geometry/geometry.sty
Package: geometry 2018/04/16 v5.8 Page Geometry

(/usr/local/texlive/2019/texmf-dist/tex/latex/graphics/keyval.sty
Package: keyval 2014/10/28 v1.15 key=value parser (DPC)
\KV@toks@=\toks14
)
(/usr/local/texlive/2019/texmf-dist/tex/generic/oberdiek/ifpdf.sty
Package: ifpdf 2018/09/07 v3.3 Provides the ifpdf switch
)
(/usr/local/texlive/2019/texmf-dist/tex/generic/oberdiek/ifvtex.sty
Package: ifvtex 2016/05/16 v1.6 Detect VTeX and its facilities (HO)
Package ifvtex Info: VTeX not detected.
)
(/usr/local/texlive/2019/texmf-dist/tex/generic/ifxetex/ifxetex.sty
Package: ifxetex 2010/09/12 v0.6 Provides ifxetex conditional
)
\Gm@cnth=\count88
\Gm@cntv=\count89
\c@Gm@tempcnt=\count90
\Gm@bindingoffset=\dimen103
\Gm@wd@mp=\dimen104
\Gm@odd@mp=\dimen105
\Gm@even@mp=\dimen106
\Gm@layoutwidth=\dimen107
\Gm@layoutheight=\dimen108
\Gm@layouthoffset=\dimen109
\Gm@layoutvoffset=\dimen110
\Gm@dimlist=\toks15
)
(./cv_oct1724.aux (./Otros_agradecimientos.aux))
\openout1 = `cv_oct1724.aux'.

LaTeX Font Info:    Checking defaults for OML/cmm/m/it on input line 12.
LaTeX Font Info:    ... okay on input line 12.
LaTeX Font Info:    Checking defaults for T1/cmr/m/n on input line 12.
LaTeX Font Info:    ... okay on input line 12.
LaTeX Font Info:    Checking defaults for OT1/cmr/m/n on input line 12.
LaTeX Font Info:    ... okay on input line 12.
LaTeX Font Info:    Checking defaults for OMS/cmsy/m/n on input line 12.
LaTeX Font Info:    ... okay on input line 12.
LaTeX Font Info:    Checking defaults for OMX/cmex/m/n on input line 12.
LaTeX Font Info:    ... okay on input line 12.
LaTeX Font Info:    Checking defaults for U/cmr/m/n on input line 12.
LaTeX Font Info:    ... okay on input line 12.

(/usr/local/texlive/2019/texmf-dist/tex/context/base/mkii/supp-pdf.mkii
[Loading MPS to PDF converter (version 2006.09.02).]
\scratchcounter=\count91
\scratchdimen=\dimen111
\scratchbox=\box27
\nofMPsegments=\count92
\nofMParguments=\count93
\everyMPshowfont=\toks16
\MPscratchCnt=\count94
\MPscratchDim=\dimen112
\MPnumerator=\count95
\makeMPintoPDFobject=\count96
\everyMPtoPDFconversion=\toks17
)
*geometry* driver: auto-detecting
*geometry* detected driver: pdftex
*geometry* verbose mode - [ preamble ] result:
* driver: pdftex
* paper: a4paper
* layout: <same size as paper>
* layoutoffset:(h,v)=(0.0pt,0.0pt)
* modes: 
* h-part:(L,W,R)=(56.9055pt, 483.69684pt, 56.90553pt)
* v-part:(T,H,B)=(56.9055pt, 731.23582pt, 56.90552pt)
* \paperwidth=597.50787pt
* \paperheight=845.04684pt
* \textwidth=483.69684pt
* \textheight=731.23582pt
* \oddsidemargin=-15.36449pt
* \evensidemargin=-15.36449pt
* \topmargin=-52.36449pt
* \headheight=12.0pt
* \headsep=25.0pt
* \topskip=11.0pt
* \footskip=30.0pt
* \marginparwidth=59.0pt
* \marginparsep=10.0pt
* \columnsep=10.0pt
* \skip\footins=10.0pt plus 4.0pt minus 2.0pt
* \hoffset=0.0pt
* \voffset=0.0pt
* \mag=1000
* \@twocolumnfalse
* \@twosidefalse
* \@mparswitchfalse
* \@reversemarginfalse
* (1in=72.27pt=25.4mm, 1cm=28.453pt)

\openout2 = `Otros_agradecimientos.aux'.

(./Otros_agradecimientos.tex
Overfull \hbox (0.76398pt too wide) in paragraph at lines 5--9
[]\OT1/cmr/m/n/10.95 V^^Selez-Uriza, F., Cisneros-Mejorado, A., Garay, E. and A
rel-lano, R. O., \LA AD-MIN-IS-TRACI[]ON
 []


Overfull \hbox (9.42549pt too wide) in paragraph at lines 23--27
\OT1/cmr/m/n/10.95 CERE-BE-LOSAS Y COG-NI-TI-VAS IN-DUCI-DAS POR LA AU-TOAD-MIN
-IS-TRACI[]ON CR[]ONICA
 []

[1


{/usr/local/texlive/2019/texmf-var/fonts/map/pdftex/updmap/pdftex.map}]
Overfull \hbox (5.89041pt too wide) in paragraph at lines 47--51
[]\OT1/cmr/m/n/10.95 Hern^^Sandez, A., Cisneros-Mejorado, A., Sierra-Camacho, J
. J., Arel-lano, R. O. and Mart^^S^^PnezTorres,
 []


Overfull \hbox (5.00827pt too wide) in paragraph at lines 52--56
[]\OT1/cmr/m/n/10.95 Trujillo-Villarreal, L.A., Cruz-Carrillo, G., Angeles-Vald
ez, D., Garza-Villarreal, E. and Camacho-
 []


Overfull \hbox (6.27069pt too wide) in paragraph at lines 78--81
[]\OT1/cmr/m/n/10.95 Couti~no, D., Hi-dalgo Flo-res, F.J., Gasca Mart^^S^^Pnez,
 D., Con-cha, L., Luna Munguia, H., "AN[]ALISIS
 []


Overfull \hbox (19.4619pt too wide) in paragraph at lines 78--81
\OT1/cmr/m/n/10.95 LON-GI-TU-DI-NAL DE LOS CAM-BIOS MI-CROESTRUC-TURALES EN FIM
-BRIA E HIPOCAMPO
 []

[2]
Overfull \hbox (5.6995pt too wide) in paragraph at lines 87--89
\OT1/cmr/m/n/10.95 COR-PUS CAL-LO-SUM DE-MYELI-NA-TION EVAL-U-ATED BY DIF-FU-SI
ON WEIGHTED MAG-
 []

[3]
Overfull \hbox (12.2555pt too wide) in paragraph at lines 132--136
\OT1/cmr/m/n/10.95 TO TRAIN-ING IN A SEN-SO-RI-MO-TOR SYN-CHRO-NIZA-TION TASK",
 25 Jor-nadas Acad^^Semicas,
 []


Overfull \hbox (14.37672pt too wide) in paragraph at lines 137--140
[]\OT1/cmr/m/n/10.95 Barbosa-Luna, M., Ricardo-Garcell, J., Alcauter-Solorzano,
 S., Solis-Vivanco, R., Garc^^S^^PaHern^^Sandez,
 []


Overfull \hbox (8.5634pt too wide) in paragraph at lines 137--140
\OT1/cmr/m/n/10.95 S. and Pasaye-Alcaraz, E.H., "MUL-TI-DI-MEN-SIONAL CHAR-AC-T
ER-I-ZA-TION OF OBSESSIVE-
 []


Overfull \hbox (21.82146pt too wide) in paragraph at lines 145--147
\OT1/cmr/m/n/10.95 "ADRESS-ING MRI DATA RE-LI-A-BIL-ITY DUR-ING SI-MUL-TA-NE-OU
S EEG-FMRIRECORDING",
 []

[4] [5]
Overfull \hbox (5.23643pt too wide) in paragraph at lines 278--283
[]\OT1/cmr/m/n/10.95 Aguilar-V^^Sazquez, A., Granados-Rojas, L., D^^S^^Paz-Cint
ra S., \Mar-caje in vitro de ves^^S^^Pculas sin^^Sapticas
 []

[6]) [7] (./cv_oct1724.aux (./Otros_agradecimientos.aux)) ) 
Here is how much of TeX's memory you used:
 1676 strings out of 492616
 21755 string characters out of 6129482
 100844 words of memory out of 5000000
 5638 multiletter control sequences out of 15000+600000
 4248 words of font info for 16 fonts, out of 8000000 for 9000
 1141 hyphenation exceptions out of 8191
 23i,5n,35p,232b,195s stack positions out of 5000i,500n,10000p,200000b,80000s
</usr/local/texlive/
2019/texmf-dist/fonts/type1/public/amsfonts/cm/cmbx10.pfb></usr/local/texlive/2
019/texmf-dist/fonts/type1/public/amsfonts/cm/cmr10.pfb>
Output written on cv_oct1724.pdf (7 pages, 56608 bytes).
PDF statistics:
 36 PDF objects out of 1000 (max. 8388607)
 24 compressed objects within 1 object stream
 0 named destinations out of 1000 (max. 500000)
 1 words of extra memory for PDF output out of 10000 (max. 10000000)

