This is pdfTeX, Version 3.14159265-2.6-1.40.20 (TeX Live 2019) (preloaded format=pdflatex 2019.5.8)  30 JUL 2025 08:42
entering extended mode
 restricted \write18 enabled.
 %&-line parsing enabled.
**CV_jul3025.tex
(./CV_jul3025.tex
LaTeX2e <2018-12-01>
(/usr/local/texlive/2019/texmf-dist/tex/latex/base/article.cls
Document Class: article 2018/09/03 v1.4i Standard LaTeX document class
(/usr/local/texlive/2019/texmf-dist/tex/latex/base/size12.clo
File: size12.clo 2018/09/03 v1.4i Standard LaTeX file (size option)
)
\c@part=\count80
\c@section=\count81
\c@subsection=\count82
\c@subsubsection=\count83
\c@paragraph=\count84
\c@subparagraph=\count85
\c@figure=\count86
\c@table=\count87
\abovecaptionskip=\skip41
\belowcaptionskip=\skip42
\bibindent=\dimen102
)
(/usr/local/texlive/2019/texmf-dist/tex/latex/tree-dvips/lingmacros.sty
\c@enums=\count88
\widelabel=\dimen103
\c@tempcnt=\count89
\c@enumsi=\count90
\eeindent=\dimen104
)
(/usr/local/texlive/2019/texmf-dist/tex/latex/tree-dvips/tree-dvips.sty
tree-dvips version .91 of May 16, 1995
\nodemargin=\dimen105
\treelinewidth=\dimen106
\dashlength=\dimen107
\arrowwidth=\dimen108
\arrowlength=\dimen109
\arrowinset=\dimen110
\pos@t=\toks14
\pos@b=\toks15
\pos@l=\toks16
\pos@r=\toks17
\pos@tl=\toks18
\pos@tr=\toks19
\pos@bl=\toks20
\pos@br=\toks21
\@arrow=\count91
\@tempdimc=\dimen111
) (./CV_jul3025.aux)
\openout1 = `CV_jul3025.aux'.

LaTeX Font Info:    Checking defaults for OML/cmm/m/it on input line 4.
LaTeX Font Info:    ... okay on input line 4.
LaTeX Font Info:    Checking defaults for T1/cmr/m/n on input line 4.
LaTeX Font Info:    ... okay on input line 4.
LaTeX Font Info:    Checking defaults for OT1/cmr/m/n on input line 4.
LaTeX Font Info:    ... okay on input line 4.
LaTeX Font Info:    Checking defaults for OMS/cmsy/m/n on input line 4.
LaTeX Font Info:    ... okay on input line 4.
LaTeX Font Info:    Checking defaults for OMX/cmex/m/n on input line 4.
LaTeX Font Info:    ... okay on input line 4.
LaTeX Font Info:    Checking defaults for U/cmr/m/n on input line 4.
LaTeX Font Info:    ... okay on input line 4.

Overfull \hbox (18.02504pt too wide) in paragraph at lines 65--66
[]\OT1/cmr/m/n/12 SALVA - Plat. Inf. Cur-ric. a 30 de julio de 2025 08:52, lgs@
servidor.unam.mx
 []

[1


Non-PDF special ignored!
<special> header=tree-dvips91.pro
{/usr/local/texlive/2019/texmf-var/fonts/map/pdftex/updmap/pdftex.map}]
Overfull \hbox (1.96355pt too wide) in paragraph at lines 97--100
[]\OT1/cmr/m/n/12 11. Metodolog^^S^^Pa de la Planeaci^^Son Es-trat^^Segica, Du-
raci^^Son: Se-m-anal, Modal-
 []

[2]
Overfull \hbox (18.02504pt too wide) in paragraph at lines 128--129
[]\OT1/cmr/m/n/12 SALVA - Plat. Inf. Cur-ric. a 30 de julio de 2025 08:52, lgs@
servidor.unam.mx
 []

[3]
Overfull \hbox (3.50844pt too wide) in paragraph at lines 141--144
\OT1/cmr/m/n/12 L., \On Sta-bil-ity Prop-er-ties in a Stochas-tic Con-trolled L
otka-Volterra Model",
 []


Overfull \hbox (0.60849pt too wide) in paragraph at lines 155--157
\OT1/cmr/m/n/12 UNAM-Juriquilla, INB-UNAM, INB-UNAM, Fecha de ini-cio: agosto d
e 2005,
 []


Overfull \hbox (0.60849pt too wide) in paragraph at lines 161--163
\OT1/cmr/m/n/12 UNAM-Juriquilla, INB-UNAM, INB-UNAM, Fecha de ini-cio: agosto d
e 2003,
 []


Overfull \hbox (28.79935pt too wide) in paragraph at lines 171--174
\OT1/cmr/m/n/12 RAL EN-TRE TAR-EAS DE PER-CEPCI[]ON TEM-PO-RAL Y TAR-EAS R[]ITM
ICAS
 []

[4]
Overfull \hbox (0.36244pt too wide) in paragraph at lines 182--184
[]\OT1/cmr/m/n/12 4. Olalde Math-ieu, V.E., "CONEC-TIVI-DAD FUN-CIONAL CERE-BRA
L
 []


Overfull \hbox (18.02504pt too wide) in paragraph at lines 185--186
[]\OT1/cmr/m/n/12 SALVA - Plat. Inf. Cur-ric. a 30 de julio de 2025 08:52, lgs@
servidor.unam.mx
 []

[5]
Overfull \hbox (18.02504pt too wide) in paragraph at lines 249--250
[]\OT1/cmr/m/n/12 SALVA - Plat. Inf. Cur-ric. a 30 de julio de 2025 08:52, lgs@
servidor.unam.mx
 []

[6]
Overfull \hbox (5.09267pt too wide) in paragraph at lines 269--271
[]\OT1/cmr/m/n/12 11. Mart^^S^^Pnez L^^Sopez, A. Y., "Cor-re-latos Neu-ronales 
de la atenci^^Son sostenida
 []


Overfull \hbox (14.9097pt too wide) in paragraph at lines 281--283
\OT1/cmr/m/n/12 cional Cere-bral rela-cionada a Com-po-nentes de la Re-spuesta 
Emp^^Satica", Cr^^Seditos
 []

[7]
Overfull \hbox (12.9912pt too wide) in paragraph at lines 305--307
[]\OT1/cmr/m/n/12 22. Dom^^S^^Pnguez Var-gas, A. U., "An^^Salisis del neu-rode-
sar-rollo de los movimien-
 []


Overfull \hbox (18.02504pt too wide) in paragraph at lines 312--313
[]\OT1/cmr/m/n/12 SALVA - Plat. Inf. Cur-ric. a 30 de julio de 2025 08:52, lgs@
servidor.unam.mx
 []


Overfull \hbox (12.96483pt too wide) in paragraph at lines 314--316
[]\OT1/cmr/m/n/12 P^^Sagina 5 de 35 24. Rodr^^S^^Pguez-Vidal, Llu-viana, Difer-
en-cias en el metabolismo
 []


Overfull \hbox (3.23482pt too wide) in paragraph at lines 314--316
\OT1/cmr/m/n/12 cere-bral de acuerdo al tem-per-a-mento en su-je-tos con-trol, 
UNAM-INB, Cr^^Seditos
 []


Overfull \hbox (2.45937pt too wide) in paragraph at lines 320--322
[]\OT1/cmr/m/n/12 26. Cipri-ano, Mar-garita de Jes^^Sus, Difer-en-cias en-tre i
m^^Sagenes anisotr^^Sopicas
 []

[8]
Overfull \hbox (7.01256pt too wide) in paragraph at lines 326--328
\OT1/cmr/m/n/12 Maestr^^S^^Pa en cien-cias (neu-ro-bi-olog^^S^^Pa), UNAM-INB, C
r^^Seditos en: Tesis Maestr^^S^^Pa,
 []

[9]
Overfull \hbox (6.99313pt too wide) in paragraph at lines 369--371
\OT1/cmr/m/n/12 creci^^Son de GnRH", Maestr^^S^^Pa en cien-cias (neu-ro-bi-olog
^^S^^Pa), UNAM-INB, Cr^^Seditos
 []


Overfull \hbox (18.02504pt too wide) in paragraph at lines 374--375
[]\OT1/cmr/m/n/12 SALVA - Plat. Inf. Cur-ric. a 30 de julio de 2025 08:52, lgs@
servidor.unam.mx
 []


Overfull \hbox (8.17366pt too wide) in paragraph at lines 385--387
\OT1/cmr/m/n/12 lada de Schr^^?odinger", Li-cen-ciatura en In-ge-nier^^S^^Pa F^
^S^^Psica, Uni-ver-si-dad Aut^^Sonoma
 []

[10]
Overfull \hbox (9.0163pt too wide) in paragraph at lines 426--428
[]\OT1/cmr/m/n/12 7. Reyes-P^^Serez, P., Hern^^Sandez-Ledesma, A.L., Rom^^San-L
^^Sopez, T.V., Garc^^S^^Pa-
 []


Overfull \hbox (18.02504pt too wide) in paragraph at lines 429--430
[]\OT1/cmr/m/n/12 SALVA - Plat. Inf. Cur-ric. a 30 de julio de 2025 08:52, lgs@
servidor.unam.mx
 []

[11]
Overfull \hbox (17.91756pt too wide) in paragraph at lines 433--437
[]\OT1/cmr/m/n/12 8. Trujillo-Villarreal, Cruz-Carrillo, G., Angeles-Valdez, D.
, Garza-Villarreal,
 []

[12]
Overfull \hbox (6.00243pt too wide) in paragraph at lines 474--477
[]\OT1/cmr/m/n/12 17. Gracia-Tabuenca, Z., D^^S^^Paz-Pati~no, J.C., Arelio-R^^S
^^Pos,I., Moreno-Garc^^S^^Pa,
 []


Overfull \hbox (18.02504pt too wide) in paragraph at lines 490--491
[]\OT1/cmr/m/n/12 SALVA - Plat. Inf. Cur-ric. a 30 de julio de 2025 08:52, lgs@
servidor.unam.mx
 []

[13] [14]
Overfull \hbox (18.02504pt too wide) in paragraph at lines 550--551
[]\OT1/cmr/m/n/12 SALVA - Plat. Inf. Cur-ric. a 30 de julio de 2025 08:52, lgs@
servidor.unam.mx
 []


Overfull \hbox (0.75015pt too wide) in paragraph at lines 559--562
\OT1/cmr/m/n/12 Deficit/Hyperactivity Dis-or-der", March-April, 7(2) ENEURO, 1{
10, Cr^^Seditos
 []

[15]
Overfull \hbox (1.15182pt too wide) in paragraph at lines 584--587
\OT1/cmr/m/n/12 TIVE CON-NEC-TOMICS IN TLE, bioRxiv, June, 1-25, Cr^^Seditos en
: Art^^S^^Pculo
 []

[16]
Overfull \hbox (0.41818pt too wide) in paragraph at lines 605--608
\OT1/cmr/m/n/12 cog-ni-tived-eficits in tem-po-ral lobe epilepsy", Epilepsy & B
e-hav-ior 79, 138{145, 
 []


Overfull \hbox (18.02504pt too wide) in paragraph at lines 609--610
[]\OT1/cmr/m/n/12 SALVA - Plat. Inf. Cur-ric. a 30 de julio de 2025 08:52, lgs@
servidor.unam.mx
 []

[17]
Overfull \hbox (6.30835pt too wide) in paragraph at lines 653--656
[]\OT1/cmr/m/n/12 62. PASAYE E.H, GUTI[]ERREZ R.A., S. AL-CAUTER S., MER-CADILL
O
 []


Overfull \hbox (0.70999pt too wide) in paragraph at lines 653--656
\OT1/cmr/m/n/12 BAR-RIOS F.A., \Event-Related Func-tional Mag-netic Res-o-nance
 Im-ages dur-
 []


Overfull \hbox (11.33421pt too wide) in paragraph at lines 657--660
[]\OT1/cmr/m/n/12 63. 5. ROMERO-ROMO J.I, BAUER C.C.C, PASAYE E.H., GUTI[]ERREZ

 []

[18]
Overfull \hbox (18.02504pt too wide) in paragraph at lines 667--668
[]\OT1/cmr/m/n/12 SALVA - Plat. Inf. Cur-ric. a 30 de julio de 2025 08:52, lgs@
servidor.unam.mx
 []

[19]
Overfull \hbox (12.39537pt too wide) in paragraph at lines 716--719
[]\OT1/cmr/m/n/12 77. Arroyo-Helguera, O., Mejia-Viggiano, C., Varela-Echavarri
a, A., Cajero-
 []


Overfull \hbox (4.28214pt too wide) in paragraph at lines 716--719
\OT1/cmr/m/n/12 Ju^^Sarez, M., Aceves, C., \Reg-u-la-tory role of the 3I un-tra
ns-lated re-gion (3'UTR)
 []


Overfull \hbox (18.02504pt too wide) in paragraph at lines 731--732
[]\OT1/cmr/m/n/12 SALVA - Plat. Inf. Cur-ric. a 30 de julio de 2025 08:52, lgs@
servidor.unam.mx
 []

[20]
Overfull \hbox (1.98067pt too wide) in paragraph at lines 764--767
\OT1/cmr/m/n/12 sis of Drosophila melanogaster ryan-odine and IP3 re-cep-tors, 
and thapsigargin-
 []

[21]
Overfull \hbox (21.88882pt too wide) in paragraph at lines 772--775
\OT1/cmr/m/n/12 Mej^^S^^Pa-Viggiano, C., Lar-rivaSahd, J., Guthrie, S., Varela-
Echavarr^^S^^Pa, A."Diffusible
 []


Overfull \hbox (18.02504pt too wide) in paragraph at lines 793--794
[]\OT1/cmr/m/n/12 SALVA - Plat. Inf. Cur-ric. a 30 de julio de 2025 08:52, lgs@
servidor.unam.mx
 []

[22] [23]
Overfull \hbox (5.95007pt too wide) in paragraph at lines 835--837
\OT1/cmr/m/n/12 Alcal^^Sa, R. A., \Stri-atal trans-plants pre-vent AF64A-induce
d re-ten-tion deficits",
 []


Overfull \hbox (1.6705pt too wide) in paragraph at lines 845--848
[]\OT1/cmr/m/n/12 1. Cisneros-Mejorado, A., Aguil-era, P., Peralta-Arrieta, I.,
 Gega-Miranda,
 []


Overfull \hbox (18.02504pt too wide) in paragraph at lines 849--850
[]\OT1/cmr/m/n/12 SALVA - Plat. Inf. Cur-ric. a 30 de julio de 2025 08:52, lgs@
servidor.unam.mx
 []

[24]
Overfull \hbox (9.45697pt too wide) in paragraph at lines 872--876
\OT1/cmr/m/n/12 dad de las Es-pinas dendr^^S^^Pticas en las c^^Selulas pi-rami-
dales del CA1 del hipocampo
 []

[25]
Overfull \hbox (18.02504pt too wide) in paragraph at lines 907--908
[]\OT1/cmr/m/n/12 SALVA - Plat. Inf. Cur-ric. a 30 de julio de 2025 08:52, lgs@
servidor.unam.mx
 []

[26]
Overfull \hbox (18.02504pt too wide) in paragraph at lines 971--972
[]\OT1/cmr/m/n/12 SALVA - Plat. Inf. Cur-ric. a 30 de julio de 2025 08:52, lgs@
servidor.unam.mx
 []

[27]
Overfull \hbox (20.26111pt too wide) in paragraph at lines 1005--1008
\OT1/cmr/m/n/12 ture in-hibit the em-pa-thy re-lated brain ac-tiv-ity in women:
 A neuro-ethnographical
 []

[28]
Overfull \hbox (1.09317pt too wide) in paragraph at lines 1009--1012
\OT1/cmr/m/n/12 nual Meet-ing of the Or-ga-ni-za-tion on Hu-man Brain Map-ping,
 Qu^^Sebec-Canada,
 []


Overfull \hbox (18.02504pt too wide) in paragraph at lines 1031--1032
[]\OT1/cmr/m/n/12 SALVA - Plat. Inf. Cur-ric. a 30 de julio de 2025 08:52, lgs@
servidor.unam.mx
 []


Overfull \hbox (2.44902pt too wide) in paragraph at lines 1040--1044
\OT1/cmr/m/n/12 LON-GI-TU-DI-NALLY, HIS-TO-LOG-I-CALLY AND FUNC-TION-ALLY", XXX
I
 []

[29]
Overfull \hbox (15.39816pt too wide) in paragraph at lines 1045--1049
[]\OT1/cmr/m/n/12 2. Guerrero-Morales, J.R., Garc^^S^^Pa Mi-randa, L., S^^Sanch
ez-Y^^Sepez, J., Mendoza-
 []

[30]
Overfull \hbox (18.02504pt too wide) in paragraph at lines 1083--1084
[]\OT1/cmr/m/n/12 SALVA - Plat. Inf. Cur-ric. a 30 de julio de 2025 08:52, lgs@
servidor.unam.mx
 []


Overfull \hbox (3.68298pt too wide) in paragraph at lines 1085--1090
[]\OT1/cmr/m/n/12 P^^Sagina 18 de 35 9. Rasgado-Toledo, J., Angeles-Valdez, D.,
 Maya-Arteaga,
 []


Overfull \hbox (19.82266pt too wide) in paragraph at lines 1091--1095
\OT1/cmr/m/n/12 BUTIL-CARBOLINA3- CAR-BOX-I-LATO (CCB) PRO-MUEVE LA REMIELIN-
 []


Overfull \hbox (5.78835pt too wide) in paragraph at lines 1091--1095
\OT1/cmr/m/n/12 IZACI[]ON EN EL MOD-ELO DE DESMIELIN-IZACI[]ON POR CUPRI-ZONA",

 []


Overfull \hbox (2.78128pt too wide) in paragraph at lines 1096--1100
\OT1/cmr/m/n/12 R, "CAR-BO-LINES THAT EN-HANCE GABAAR RE-SPONSE EX-PRESSED
 []


Overfull \hbox (5.22841pt too wide) in paragraph at lines 1096--1100
\OT1/cmr/m/n/12 VIVO RAT MODEL OF FO-CAL DE-MYELI-NA-TION", Jor-nadas Acad^^Sem
icas
 []

[31]
Overfull \hbox (13.94897pt too wide) in paragraph at lines 1101--1104
\OT1/cmr/m/n/12 lano, R. O. and Mart^^S^^PnezTorres, A., \NEU-RAL PRO-GEN-I-TOR
 CELL TRANS-
 []


Overfull \hbox (43.70464pt too wide) in paragraph at lines 1101--1104
\OT1/cmr/m/n/12 PLAN-TA-TION FOR THE RE-GEN-ER-A-TION THER-APY IN A HEMI-PARKIN
SON
 []


Overfull \hbox (1.36774pt too wide) in paragraph at lines 1105--1109
[]\OT1/cmr/m/n/12 13. Trujillo-Villarreal, L.A., Cruz-Carrillo, G., Angeles-Val
dez, D., Garza-
 []


Overfull \hbox (8.89465pt too wide) in paragraph at lines 1105--1109
\OT1/cmr/m/n/12 Villarreal, E. and Ca-ma-choMorales, A., \EFECTO TRANS-GEN-ERA-
CIONAL
 []


Overfull \hbox (28.87572pt too wide) in paragraph at lines 1110--1114
\OT1/cmr/m/n/12 RATAS WIS-TAR EX-PUES-TAS A UN R[]EGIMEN DE EJER-CI-CIO AER[]OB
ICO",
 []


Overfull \hbox (8.23714pt too wide) in paragraph at lines 1122--1126
[]\OT1/cmr/m/n/12 16. Rocha-Garc^^S^^Pa, M., Gonz^^Salez-P^^Serez, E. G., Alfar
o-Moreno, J., Carranza-
 []


Overfull \hbox (20.80334pt too wide) in paragraph at lines 1122--1126
\OT1/cmr/m/n/12 CIO AER[]OBICO EX-PLO-RADOS A TRAV[]ES DE IN-MUNO-HIS-TOQU[]IMI
CA",
 []

[32]
Overfull \hbox (9.86188pt too wide) in paragraph at lines 1127--1131
\OT1/cmr/m/n/12 VAS IN-DUCI-DAS POR LA AU-TOAD-MIN-IS-TRACI[]ON CR[]ONICA DE MO
R-
 []


Overfull \hbox (18.02504pt too wide) in paragraph at lines 1132--1133
[]\OT1/cmr/m/n/12 SALVA - Plat. Inf. Cur-ric. a 30 de julio de 2025 08:52, lgs@
servidor.unam.mx
 []


Overfull \hbox (1.8451pt too wide) in paragraph at lines 1134--1138
\OT1/cmr/m/n/12 Mejorado, A., \SYS-TEMIC TREAT-MENT WITH THE STEROID GANAX-
 []

[33]
Overfull \hbox (0.17868pt too wide) in paragraph at lines 1156--1159
\OT1/cmr/m/n/12 IN THE CUPRI-ZONE MICE MODEL OF MUL-TI-PLE SCLE-RO-SIS", XXIX
 []


Overfull \hbox (4.97864pt too wide) in paragraph at lines 1164--1167
\OT1/cmr/m/n/12 CROESTRUC-TURALES EN FIM-BRIA E HIPOCAMPO TRAS LA LESI[]ON
 []


Overfull \hbox (20.72054pt too wide) in paragraph at lines 1168--1172
\OT1/cmr/m/n/12 AGUDA PERO NO EN LA FASE CR[]ONICA DE UN MOD-ELO DE ELECCI[]ON
 []

[34]
Overfull \hbox (18.02504pt too wide) in paragraph at lines 1183--1184
[]\OT1/cmr/m/n/12 SALVA - Plat. Inf. Cur-ric. a 30 de julio de 2025 08:52, lgs@
servidor.unam.mx
 []


Overfull \hbox (1.09085pt too wide) in paragraph at lines 1185--1187
\OT1/cmr/m/n/12 MOR-FICO IN-DUCIDO POR HOR-MONAS TIROIDEAS", Cr^^Seditos en: Jo
r-
 []


Overfull \hbox (8.68523pt too wide) in paragraph at lines 1197--1199
\OT1/cmr/m/n/12 lano O. Ro-ge-lio", MOUSE COR-PUS CAL-LO-SUM DE-MYELI-NA-TION E
VAL-
 []


Overfull \hbox (15.35074pt too wide) in paragraph at lines 1200--1203
\OT1/cmr/m/n/12 IN THE DE-VEL-OP-ING CEN-TRAL NER-VOUS SYS-TEM OF MICE", Cr^^Se
ditos
 []


Overfull \hbox (10.10774pt too wide) in paragraph at lines 1204--1207
\OT1/cmr/m/n/12 \AN[]ALISIS LON-GI-TU-DI-NAL DE LOS CAM-BIOS DEL SIS-TEMA L[]IM
BICO
 []

[35]
Overfull \hbox (0.2233pt too wide) in paragraph at lines 1219--1221
[]\OT1/cmr/m/n/12 38. Atilano-Barbosa, D., Pas-saye Al-caraz, E.H. and Mercadil
lo-Caballero,
 []


Overfull \hbox (50.33891pt too wide) in paragraph at lines 1226--1230
\OT1/cmr/m/n/12 MEN-SIONAL CHAR-AC-TER-I-ZA-TION OF OBSESSIVE-COMPULSIVEDISORDE
R.
 []


Overfull \hbox (11.98195pt too wide) in paragraph at lines 1231--1234
\OT1/cmr/m/n/12 de Neu-ro-bi-olog^^S^^Pa, UNAM, Sep-tiem-bre 24-28, Cr^^Seditos
 en: Jor-nadas Acad^^Semicas
 []


Overfull \hbox (18.02504pt too wide) in paragraph at lines 1238--1239
[]\OT1/cmr/m/n/12 SALVA - Plat. Inf. Cur-ric. a 30 de julio de 2025 08:52, lgs@
servidor.unam.mx
 []

[36] [37]
Overfull \hbox (18.02504pt too wide) in paragraph at lines 1298--1299
[]\OT1/cmr/m/n/12 SALVA - Plat. Inf. Cur-ric. a 30 de julio de 2025 08:52, lgs@
servidor.unam.mx
 []


Overfull \hbox (8.52599pt too wide) in paragraph at lines 1300--1303
[]\OT1/cmr/m/n/12 P^^Sagina 22 de 35 59. Beltr^^San-Campos, V., Rodr^^S^^Pguez-
Santill^^San, E., Quitarte,
 []

[38]
Overfull \hbox (23.8096pt too wide) in paragraph at lines 1312--1315
\OT1/cmr/m/n/12 D^^S^^Paz-Miranda, S. Y., \In-flu-en-cia de los estr^^Sogenos e
n la plas-ti-ci-dad del hipocampo:
 []


Overfull \hbox (9.01762pt too wide) in paragraph at lines 1312--1315
\OT1/cmr/m/n/12 es-pinog^^Senesis", Jor-nadas del In-sti-tuto de Neu-ro-bi-olog
^^S^^Pa, Sep. 19-23, Quer^^Setaro,
 []

[39]
Overfull \hbox (15.0444pt too wide) in paragraph at lines 1350--1353
\OT1/cmr/m/n/12 impide la de-fi-cien-cia en la re-tenci^^Son in-ducida por la a
pli-caci^^Son pre-entrenamiento
 []


Overfull \hbox (18.02504pt too wide) in paragraph at lines 1362--1363
[]\OT1/cmr/m/n/12 SALVA - Plat. Inf. Cur-ric. a 30 de julio de 2025 08:52, lgs@
servidor.unam.mx
 []

[40]
LaTeX Font Info:    External font `cmex10' loaded for size
(Font)              <12> on input line 1404.
LaTeX Font Info:    External font `cmex10' loaded for size
(Font)              <8> on input line 1404.
LaTeX Font Info:    External font `cmex10' loaded for size
(Font)              <6> on input line 1404.


LaTeX Warning: Command \' invalid in math mode on input line 1404.

! Please use \mathaccent for accents in math mode.
\add@accent ...@spacefactor \spacefactor }\accent 
                                                  #1 #2\egroup \spacefactor ...
l.1404 ...icio: abril de 2023, Fecha de conclusi√≥
                                                  n abril de 2026.
? q
OK, entering \batchmode...
! You can't use `\spacefactor' in math mode.
\add@accent ...}\accent #1 #2\egroup \spacefactor 
                                                  \accent@spacefactor 
l.1404 ...icio: abril de 2023, Fecha de conclusi√≥
                                                  n abril de 2026.
Sorry, but I'm not programmed to handle this case;
I'll just pretend that you didn't ask for it.
If you're in the wrong mode, you might be able to
return to the right one by typing `I}' or `I$' or `I\par'.

! Missing $ inserted.
<inserted text> 
                $
l.1405 
       
I've inserted a begin-math/end-math symbol since I think
you left one out. Proceed, with fingers crossed.

Missing character: There is no Ë in font cmex10!

Overfull \hbox (17.87831pt too wide) in paragraph at lines 1403--1405
\OT1/cmr/m/n/12 Ini-cio, Monto $0\OML/cmm/m/it/12 :\OT1/cmr/m/n/12 00\OML/cmm/m
/it/12 ; Fechadeinicio \OT1/cmr/m/n/12 : \OML/cmm/m/it/12 abrilde\OT1/cmr/m/n/1
2 2023\OML/cmm/m/it/12 ; Fechadeconclusi[]nabrilde\OT1/cmr/m/n/12 2026\OML/cmm/
m/it/12 :$ 
 []


Overfull \hbox (1.28302pt too wide) in paragraph at lines 1410--1412
[]\OT1/cmr/m/n/12 1. Hevia-Orozco, J.C., Reyes-Aguilar, A., Hern^^Sandez-P^^Ser
ez, R., Gonz^^Salez-
 []


Overfull \hbox (18.02504pt too wide) in paragraph at lines 1413--1414
[]\OT1/cmr/m/n/12 SALVA - Plat. Inf. Cur-ric. a 30 de julio de 2025 08:52, lgs@
servidor.unam.mx
 []

 [41] [42]
Overfull \hbox (18.02504pt too wide) in paragraph at lines 1474--1475
[]\OT1/cmr/m/n/12 SALVA - Plat. Inf. Cur-ric. a 30 de julio de 2025 08:52, lgs@
servidor.unam.mx
 []

 [43]
Overfull \hbox (13.68983pt too wide) in paragraph at lines 1529--1533
[]\OT1/cmr/m/n/12 2. V^^Sazquez Car-rillo,D., Mart^^S^^Pnez-Soto, J., Al-cauter
, S., Pasaye E., Gonz^^Salez-
 []

 [44]
Overfull \hbox (18.02504pt too wide) in paragraph at lines 1536--1537
[]\OT1/cmr/m/n/12 SALVA - Plat. Inf. Cur-ric. a 30 de julio de 2025 08:52, lgs@
servidor.unam.mx
 []

 [45]
Overfull \hbox (18.02504pt too wide) in paragraph at lines 1599--1600
[]\OT1/cmr/m/n/12 SALVA - Plat. Inf. Cur-ric. a 30 de julio de 2025 08:52, lgs@
servidor.unam.mx
 []

 [46] [47]
Overfull \hbox (18.02504pt too wide) in paragraph at lines 1655--1656
[]\OT1/cmr/m/n/12 SALVA - Plat. Inf. Cur-ric. a 30 de julio de 2025 08:52, lgs@
servidor.unam.mx
 []


Overfull \hbox (14.86484pt too wide) in paragraph at lines 1661--1664
[]\OT1/cmr/m/n/12 3. Mart^^S^^Pnez Soto, J., Gonzalez-Santos, L. y Bar-rios, F.
A., Poster: Paradigma
 []

 [48]
Overfull \hbox (0.76689pt too wide) in paragraph at lines 1678--1681
\OT1/cmr/m/n/12 Pres-en-cial, XIX Jor-nadas Acad^^Semicas del In-sti-tuto de Ne
u-ro-bi-olog^^S^^Pa, UNAM,
 []


Overfull \hbox (2.62375pt too wide) in paragraph at lines 1678--1681
\OT1/cmr/m/n/12 In-sti-tuto de Neu-ro-bi-olog^^S^^Pa UNAM-Juriquilla, INB-UNAM,
 INB-UNAM, Pa^^S^^Ps:
 []


Overfull \hbox (9.67503pt too wide) in paragraph at lines 1693--1696
\OT1/cmr/m/n/12 greso Na-cional de Cien-cias Fi-siol^^Sogicas, Pa^^S^^Ps: M^^Se
xico, Tipo: Con-greso, []Ambito:
 []

 [49]
Overfull \hbox (11.24403pt too wide) in paragraph at lines 1703--1707
[]\OT1/cmr/m/n/12 2. Ayala-Sumuano, J.T., L^^Sopez-Victorio, C.J., Lozano-Flore
s, C., Gonz^^Salez-
 []


Overfull \hbox (2.62375pt too wide) in paragraph at lines 1703--1707
\OT1/cmr/m/n/12 In-sti-tuto de Neu-ro-bi-olog^^S^^Pa UNAM-Juriquilla, INB-UNAM,
 INB-UNAM, Pa^^S^^Ps:
 []


Overfull \hbox (18.02504pt too wide) in paragraph at lines 1708--1709
[]\OT1/cmr/m/n/12 SALVA - Plat. Inf. Cur-ric. a 30 de julio de 2025 08:52, lgs@
servidor.unam.mx
 []


Overfull \hbox (1.4307pt too wide) in paragraph at lines 1710--1714
\OT1/cmr/m/n/12 Acad^^Semicas, In-sti-tuto de Neu-ro-bi-olog^^S^^Pa UNAM-Juriqu
illa, INB-UNAM, INB-
 []


Overfull \hbox (17.66124pt too wide) in paragraph at lines 1720--1723
\OT1/cmr/m/n/12 DE-SAR-ROLLO EM-BRI-ONARIO, Modal-i-dad: Pres-en-cial, Jor-nada
 Acad^^Semicas,
 []


Overfull \hbox (7.52553pt too wide) in paragraph at lines 1728--1731
\OT1/cmr/m/n/12 Po-nen-cia: "LO-CAL-IZADOR DIG-I-TAL DE ES-TRUC-TURAS ANAT[]OMI
CAS
 []


Overfull \hbox (4.78355pt too wide) in paragraph at lines 1728--1731
\OT1/cmr/m/n/12 ES-PA-CIO ES-TERO-TAXICO", Modal-i-dad: Pres-en-cial, Jor-danas
 Acad^^Semicas,
 []

 [50]
Overfull \hbox (16.78609pt too wide) in paragraph at lines 1749--1751
\OT1/cmr/m/n/12 Frac-tales", Modal-i-dad: Pres-en-cial, Re-uni^^Son Acad^^Semic
a de F^^S^^Psica y Matem^^Saticas,
 []


Overfull \hbox (18.02504pt too wide) in paragraph at lines 1760--1761
[]\OT1/cmr/m/n/12 SALVA - Plat. Inf. Cur-ric. a 30 de julio de 2025 08:52, lgs@
servidor.unam.mx
 []

 [51]
Overfull \hbox (3.90009pt too wide) in paragraph at lines 1770--1773
\OT1/cmr/m/n/12 dad: Pres-en-cial, Semestre: 2, Maes-tria w!`en Cien-cias Neu-r
o-bi-olog^^S^^Pa, Maestr^^S^^Pa,
 []


Overfull \hbox (22.20822pt too wide) in paragraph at lines 1770--1773
\OT1/cmr/m/n/12 In-sti-tuto Neu-ro-bi-olog^^S^^Pa, In-sti-tuto de Neu-ro-bi-olo
-gia, Tipo de pro-grama acad^^Semico:
 []


Overfull \hbox (12.38065pt too wide) in paragraph at lines 1778--1781
\OT1/cmr/m/n/12 i-dad: A Dis-tan-cia, Semestre: 1, Maestr^^S^^Pa en Cien-cias (
Neu-ro-bi-olog^^S^^Pa), Maestr^^S^^Pa,
 []


Overfull \hbox (14.09676pt too wide) in paragraph at lines 1782--1785
[]\OT1/cmr/m/n/12 6. \In-tro-ducci^^Son a la Com-putaci^^Son y Lenguaje de Pro-
gra-maci^^Son PYTHON",
 []

 [52]
Overfull \hbox (3.95657pt too wide) in paragraph at lines 1818--1819
[]\OT1/cmr/m/n/12 15. Es-tad^^S^^Pstica, Modal-i-dad: Pres-en-cial, Semestre: 2
, Cr^^Seditos: 8, Maestr^^S^^Pa
 []


Overfull \hbox (18.02504pt too wide) in paragraph at lines 1820--1821
[]\OT1/cmr/m/n/12 SALVA - Plat. Inf. Cur-ric. a 30 de julio de 2025 08:52, lgs@
servidor.unam.mx
 []


Overfull \hbox (2.73207pt too wide) in paragraph at lines 1822--1824
\OT1/cmr/m/n/12 UNAM-Juriquilla, INB-UNAM, In-sti-tuto de Neu-ro-bi-olog^^S^^Pa
 UNAM-Juriquilla,
 []


Overfull \hbox (8.3607pt too wide) in paragraph at lines 1833--1836
[]\OT1/cmr/m/n/12 18. Es-tad^^S^^Pstica, Modal-i-dad: Pres-en-cial, Semestre: 2
, Pro-grama de Maestr^^S^^Pa
 []

 [53]
Overfull \hbox (1.86356pt too wide) in paragraph at lines 1837--1840
[]\OT1/cmr/m/n/12 19. Lenguaje de Pro-gra-maci^^Son Mat-Lab, Modal-i-dad: Pres-
en-cial, Semestre:
 []


Overfull \hbox (2.73207pt too wide) in paragraph at lines 1841--1844
\OT1/cmr/m/n/12 UNAM-Juriquilla, INB-UNAM, In-sti-tuto de Neu-ro-bi-olog^^S^^Pa
 UNAM-Juriquilla,
 []


Overfull \hbox (1.86356pt too wide) in paragraph at lines 1858--1861
[]\OT1/cmr/m/n/12 25. Lenguaje de Pro-gra-maci^^Son Mat-Lab, Modal-i-dad: Pres-
en-cial, Semestre:
 []


Overfull \hbox (3.55011pt too wide) in paragraph at lines 1858--1861
\OT1/cmr/m/n/12 ro-bi-olog^^S^^Pa UNAM-Juriquilla, INB-UNAM, In-sti-tuto de Neu
-ro-bi-olog^^S^^Pa UNAM-
 []

 [54]
Overfull \hbox (14.09676pt too wide) in paragraph at lines 1871--1874
[]\OT1/cmr/m/n/12 3. \In-tro-ducci^^Son a la Com-putaci^^Son y Pro-gra-maci^^So
n en Lenguaje PYTHON",
 []


Overfull \hbox (18.02504pt too wide) in paragraph at lines 1877--1878
[]\OT1/cmr/m/n/12 SALVA - Plat. Inf. Cur-ric. a 30 de julio de 2025 08:52, lgs@
servidor.unam.mx
 []

 [55] [56]
Overfull \hbox (18.02504pt too wide) in paragraph at lines 1939--1940
[]\OT1/cmr/m/n/12 SALVA - Plat. Inf. Cur-ric. a 30 de julio de 2025 08:52, lgs@
servidor.unam.mx
 []


Overfull \hbox (15.13608pt too wide) in paragraph at lines 1956--1960
\OT1/cmr/m/n/12 for-maci^^Son y Co-mu-ni-caci^^Son, Li-cen-ciatura, Uni-ver-si-
dad Tec-nol^^Sogica de Quer^^Setaro,
 []

 [57]
Overfull \hbox (18.02504pt too wide) in paragraph at lines 1998--1999
[]\OT1/cmr/m/n/12 SALVA - Plat. Inf. Cur-ric. a 30 de julio de 2025 08:52, lgs@
servidor.unam.mx
 []


Overfull \hbox (18.02504pt too wide) in paragraph at lines 2006--2007
[]\OT1/cmr/m/n/12 SALVA - Plat. Inf. Cur-ric. a 30 de julio de 2025 08:52, lgs@
servidor.unam.mx
 []

 [58] (./CV_jul3025.aux) ) 
Here is how much of TeX's memory you used:
 347 strings out of 492616
 3891 string characters out of 6129482
 67884 words of memory out of 5000000
 4337 multiletter control sequences out of 15000+600000
 6376 words of font info for 23 fonts, out of 8000000 for 9000
 1141 hyphenation exceptions out of 8191
 22i,5n,19p,164b,107s stack positions out of 5000i,500n,10000p,200000b,80000s
</usr/local/texlive/2019/texmf-dist/fonts/type1/publi
c/amsfonts/cm/cmmi12.pfb></usr/local/texlive/2019/texmf-dist/fonts/type1/public
/amsfonts/cm/cmr12.pfb>
Output written on CV_jul3025.pdf (58 pages, 161731 bytes).
PDF statistics:
 200 PDF objects out of 1000 (max. 8388607)
 136 compressed objects within 2 object streams
 0 named destinations out of 1000 (max. 500000)
 1 words of extra memory for PDF output out of 10000 (max. 10000000)

